Collecting fastapi==0.115.6 (from -r backend/requirements.txt (line 1))
  Downloading fastapi-0.115.6-py3-none-any.whl.metadata (27 kB)
Collecting uvicorn==0.34.0 (from uvicorn[standard]==0.34.0->-r backend/requirements.txt (line 2))
  Downloading uvicorn-0.34.0-py3-none-any.whl.metadata (6.5 kB)
Collecting pydantic==2.13.4 (from -r backend/requirements.txt (line 3))
  Downloading pydantic-2.13.4-py3-none-any.whl.metadata (109 kB)
Collecting httpx==0.28.1 (from -r backend/requirements.txt (line 4))
  Downloading httpx-0.28.1-py3-none-any.whl.metadata (7.1 kB)
Collecting build123d==0.11.1 (from -r backend/requirements.txt (line 5))
  Downloading build123d-0.11.1-py3-none-any.whl.metadata (14 kB)
Collecting PyYAML==6.0.3 (from -r backend/requirements.txt (line 6))
  Downloading pyyaml-6.0.3-cp311-cp311-manylinux2014_x86_64.manylinux_2_17_x86_64.manylinux_2_28_x86_64.whl.metadata (2.4 kB)
Collecting pytest==8.3.4 (from -r backend/requirements-dev.txt (line 4))
  Downloading pytest-8.3.4-py3-none-any.whl.metadata (7.5 kB)
Collecting hypothesis==6.156.6 (from -r backend/requirements-dev.txt (line 5))
  Downloading hypothesis-6.156.6-cp311-cp311-manylinux_2_17_x86_64.manylinux2014_x86_64.whl.metadata (5.7 kB)
Collecting ruff>=0.6 (from -r backend/requirements-dev.txt (line 6))
  Downloading ruff-0.15.22-py3-none-manylinux_2_17_x86_64.manylinux2014_x86_64.whl.metadata (26 kB)
Collecting mypy>=1.11 (from -r backend/requirements-dev.txt (line 7))
  Downloading mypy-2.3.0-cp311-cp311-manylinux2014_x86_64.manylinux_2_17_x86_64.manylinux_2_28_x86_64.whl.metadata (2.4 kB)
Collecting starlette<0.42.0,>=0.40.0 (from fastapi==0.115.6->-r backend/requirements.txt (line 1))
  Downloading starlette-0.41.3-py3-none-any.whl.metadata (6.0 kB)
Collecting typing-extensions>=4.8.0 (from fastapi==0.115.6->-r backend/requirements.txt (line 1))
  Downloading typing_extensions-4.16.0-py3-none-any.whl.metadata (3.3 kB)
Collecting annotated-types>=0.6.0 (from pydantic==2.13.4->-r backend/requirements.txt (line 3))
  Downloading annotated_types-0.7.0-py3-none-any.whl.metadata (15 kB)
Collecting pydantic-core==2.46.4 (from pydantic==2.13.4->-r backend/requirements.txt (line 3))
  Downloading pydantic_core-2.46.4-cp311-cp311-manylinux_2_17_x86_64.manylinux2014_x86_64.whl.metadata (6.6 kB)
Collecting typing-inspection>=0.4.2 (from pydantic==2.13.4->-r backend/requirements.txt (line 3))
  Downloading typing_inspection-0.4.2-py3-none-any.whl.metadata (2.6 kB)
Collecting click>=7.0 (from uvicorn==0.34.0->uvicorn[standard]==0.34.0->-r backend/requirements.txt (line 2))
  Downloading click-8.4.2-py3-none-any.whl.metadata (2.6 kB)
Collecting h11>=0.8 (from uvicorn==0.34.0->uvicorn[standard]==0.34.0->-r backend/requirements.txt (line 2))
  Downloading h11-0.16.0-py3-none-any.whl.metadata (8.3 kB)
Collecting anyio (from httpx==0.28.1->-r backend/requirements.txt (line 4))
  Downloading anyio-4.14.2-py3-none-any.whl.metadata (4.6 kB)
Collecting certifi (from httpx==0.28.1->-r backend/requirements.txt (line 4))
  Downloading certifi-2026.7.22-py3-none-any.whl.metadata (2.5 kB)
Collecting httpcore==1.* (from httpx==0.28.1->-r backend/requirements.txt (line 4))
  Downloading httpcore-1.0.9-py3-none-any.whl.metadata (21 kB)
Collecting idna (from httpx==0.28.1->-r backend/requirements.txt (line 4))
  Downloading idna-3.18-py3-none-any.whl.metadata (6.1 kB)
Collecting cadquery-ocp-novtk<8.0,>=7.9 (from build123d==0.11.1->-r backend/requirements.txt (line 5))
  Downloading cadquery_ocp_novtk-7.9.3.1.1-cp311-cp311-manylinux_2_31_x86_64.whl.metadata (886 bytes)
Collecting numpy<3,>=2 (from build123d==0.11.1->-r backend/requirements.txt (line 5))
  Downloading numpy-2.4.6-cp311-cp311-manylinux_2_27_x86_64.manylinux_2_28_x86_64.whl.metadata (6.6 kB)
Collecting svgpathtools<2,>=1.5.1 (from build123d==0.11.1->-r backend/requirements.txt (line 5))
  Downloading svgpathtools-1.7.2-py2.py3-none-any.whl.metadata (22 kB)
Collecting anytree<3,>=2.8.0 (from build123d==0.11.1->-r backend/requirements.txt (line 5))
  Downloading anytree-2.13.0-py3-none-any.whl.metadata (8.0 kB)
Collecting ezdxf<2,>=1.1.0 (from build123d==0.11.1->-r backend/requirements.txt (line 5))
  Downloading ezdxf-1.4.4-cp311-cp311-manylinux_2_17_x86_64.manylinux2014_x86_64.whl.metadata (9.9 kB)
Collecting ipython<10,>=8.0.0 (from build123d==0.11.1->-r backend/requirements.txt (line 5))
  Downloading ipython-9.15.0-py3-none-any.whl.metadata (4.7 kB)
Collecting ocpsvg<0.7,>=0.6 (from build123d==0.11.1->-r backend/requirements.txt (line 5))
  Downloading ocpsvg-0.6.0-py3-none-any.whl.metadata (858 bytes)
Collecting ocp_gordon<0.3,>=0.2 (from build123d==0.11.1->-r backend/requirements.txt (line 5))
  Downloading ocp_gordon-0.2.2-py3-none-any.whl.metadata (4.9 kB)
Collecting trianglesolver (from build123d==0.11.1->-r backend/requirements.txt (line 5))
  Downloading trianglesolver-1.2-py3-none-any.whl.metadata (1.7 kB)
Collecting sympy (from build123d==0.11.1->-r backend/requirements.txt (line 5))
  Downloading sympy-1.14.0-py3-none-any.whl.metadata (12 kB)
Collecting scipy (from build123d==0.11.1->-r backend/requirements.txt (line 5))
  Downloading scipy-1.17.1-cp311-cp311-manylinux_2_27_x86_64.manylinux_2_28_x86_64.whl.metadata (62 kB)
Collecting scikit-learn<2,>=1.5 (from build123d==0.11.1->-r backend/requirements.txt (line 5))
  Downloading scikit_learn-1.9.0-cp311-cp311-manylinux_2_27_x86_64.manylinux_2_28_x86_64.whl.metadata (11 kB)
Collecting webcolors~=24.8.0 (from build123d==0.11.1->-r backend/requirements.txt (line 5))
  Downloading webcolors-24.8.0-py3-none-any.whl.metadata (2.6 kB)
Collecting requests<3,>=2.32 (from build123d==0.11.1->-r backend/requirements.txt (line 5))
  Downloading requests-2.34.2-py3-none-any.whl.metadata (4.8 kB)
Collecting lib3mf>=2.4.1 (from build123d==0.11.1->-r backend/requirements.txt (line 5))
  Downloading lib3mf-2.5.0-py3-none-manylinux2014_x86_64.whl.metadata (6.2 kB)
Collecting iniconfig (from pytest==8.3.4->-r backend/requirements-dev.txt (line 4))
  Downloading iniconfig-2.3.0-py3-none-any.whl.metadata (2.5 kB)
Collecting packaging (from pytest==8.3.4->-r backend/requirements-dev.txt (line 4))
  Downloading packaging-26.2-py3-none-any.whl.metadata (3.5 kB)
Collecting pluggy<2,>=1.5 (from pytest==8.3.4->-r backend/requirements-dev.txt (line 4))
  Downloading pluggy-1.6.0-py3-none-any.whl.metadata (4.8 kB)
Collecting sortedcontainers<3.0.0,>=2.1.0 (from hypothesis==6.156.6->-r backend/requirements-dev.txt (line 5))
  Downloading sortedcontainers-2.4.0-py2.py3-none-any.whl.metadata (10 kB)
Collecting httptools>=0.6.3 (from uvicorn[standard]==0.34.0->-r backend/requirements.txt (line 2))
  Downloading httptools-0.8.0-cp311-cp311-manylinux1_x86_64.manylinux_2_28_x86_64.manylinux_2_5_x86_64.whl.metadata (3.5 kB)
Collecting python-dotenv>=0.13 (from uvicorn[standard]==0.34.0->-r backend/requirements.txt (line 2))
  Downloading python_dotenv-1.2.2-py3-none-any.whl.metadata (27 kB)
Collecting uvloop!=0.15.0,!=0.15.1,>=0.14.0 (from uvicorn[standard]==0.34.0->-r backend/requirements.txt (line 2))
  Downloading uvloop-0.22.1-cp311-cp311-manylinux2014_x86_64.manylinux_2_17_x86_64.manylinux_2_28_x86_64.whl.metadata (4.9 kB)
Collecting watchfiles>=0.13 (from uvicorn[standard]==0.34.0->-r backend/requirements.txt (line 2))
  Downloading watchfiles-1.2.0-cp311-cp311-manylinux_2_17_x86_64.manylinux2014_x86_64.whl.metadata (4.9 kB)
Collecting websockets>=10.4 (from uvicorn[standard]==0.34.0->-r backend/requirements.txt (line 2))
  Downloading websockets-16.1.1-cp311-cp311-manylinux1_x86_64.manylinux_2_28_x86_64.manylinux_2_5_x86_64.whl.metadata (6.8 kB)
Collecting cadquery-ocp-proxy==7.9.3.1.1 (from cadquery-ocp-novtk<8.0,>=7.9->build123d==0.11.1->-r backend/requirements.txt (line 5))
  Downloading cadquery_ocp_proxy-7.9.3.1.1-py3-none-any.whl.metadata (5.2 kB)
Collecting pyparsing>=3.0.0 (from ezdxf<2,>=1.1.0->build123d==0.11.1->-r backend/requirements.txt (line 5))
  Downloading pyparsing-3.3.2-py3-none-any.whl.metadata (5.8 kB)
Collecting fonttools (from ezdxf<2,>=1.1.0->build123d==0.11.1->-r backend/requirements.txt (line 5))
  Downloading fonttools-4.63.0-cp311-cp311-manylinux2014_x86_64.manylinux_2_17_x86_64.whl.metadata (118 kB)
Collecting decorator>=5.1.0 (from ipython<10,>=8.0.0->build123d==0.11.1->-r backend/requirements.txt (line 5))
  Downloading decorator-5.3.1-py3-none-any.whl.metadata (3.9 kB)
Collecting ipython-pygments-lexers>=1.0.0 (from ipython<10,>=8.0.0->build123d==0.11.1->-r backend/requirements.txt (line 5))
  Downloading ipython_pygments_lexers-1.1.1-py3-none-any.whl.metadata (1.1 kB)
Collecting jedi>=0.18.2 (from ipython<10,>=8.0.0->build123d==0.11.1->-r backend/requirements.txt (line 5))
  Downloading jedi-0.20.0-py2.py3-none-any.whl.metadata (23 kB)
Collecting matplotlib-inline>=0.1.6 (from ipython<10,>=8.0.0->build123d==0.11.1->-r backend/requirements.txt (line 5))
  Downloading matplotlib_inline-0.2.2-py3-none-any.whl.metadata (2.4 kB)
Collecting pexpect>4.6 (from ipython<10,>=8.0.0->build123d==0.11.1->-r backend/requirements.txt (line 5))
  Downloading pexpect-4.9.0-py2.py3-none-any.whl.metadata (2.5 kB)
Collecting prompt_toolkit<3.1.0,>=3.0.41 (from ipython<10,>=8.0.0->build123d==0.11.1->-r backend/requirements.txt (line 5))
  Downloading prompt_toolkit-3.0.52-py3-none-any.whl.metadata (6.4 kB)
Collecting psutil>=7 (from ipython<10,>=8.0.0->build123d==0.11.1->-r backend/requirements.txt (line 5))
  Downloading psutil-7.2.2-cp36-abi3-manylinux2010_x86_64.manylinux_2_12_x86_64.manylinux_2_28_x86_64.whl.metadata (22 kB)
Collecting pygments>=2.14.0 (from ipython<10,>=8.0.0->build123d==0.11.1->-r backend/requirements.txt (line 5))
  Downloading pygments-2.20.0-py3-none-any.whl.metadata (2.5 kB)
Collecting stack_data>=0.6.0 (from ipython<10,>=8.0.0->build123d==0.11.1->-r backend/requirements.txt (line 5))
  Downloading stack_data-0.6.3-py3-none-any.whl.metadata (18 kB)
Collecting traitlets>=5.13.0 (from ipython<10,>=8.0.0->build123d==0.11.1->-r backend/requirements.txt (line 5))
  Downloading traitlets-5.15.1-py3-none-any.whl.metadata (10 kB)
Collecting svgelements<2,>=1.9.1 (from ocpsvg<0.7,>=0.6->build123d==0.11.1->-r backend/requirements.txt (line 5))
  Downloading svgelements-1.9.6-py2.py3-none-any.whl.metadata (44 kB)
Collecting wcwidth (from prompt_toolkit<3.1.0,>=3.0.41->ipython<10,>=8.0.0->build123d==0.11.1->-r backend/requirements.txt (line 5))
  Downloading wcwidth-0.8.2-py3-none-any.whl.metadata (43 kB)
Collecting charset_normalizer<4,>=2 (from requests<3,>=2.32->build123d==0.11.1->-r backend/requirements.txt (line 5))
  Downloading charset_normalizer-3.4.9-cp311-cp311-manylinux2014_x86_64.manylinux_2_17_x86_64.manylinux_2_28_x86_64.whl.metadata (41 kB)
Collecting urllib3<3,>=1.26 (from requests<3,>=2.32->build123d==0.11.1->-r backend/requirements.txt (line 5))
  Downloading urllib3-2.7.0-py3-none-any.whl.metadata (6.9 kB)
Collecting joblib>=1.4.0 (from scikit-learn<2,>=1.5->build123d==0.11.1->-r backend/requirements.txt (line 5))
  Downloading joblib-1.5.3-py3-none-any.whl.metadata (5.5 kB)
Collecting narwhals>=2.0.1 (from scikit-learn<2,>=1.5->build123d==0.11.1->-r backend/requirements.txt (line 5))
  Downloading narwhals-2.24.0-py3-none-any.whl.metadata (15 kB)
Collecting threadpoolctl>=3.5.0 (from scikit-learn<2,>=1.5->build123d==0.11.1->-r backend/requirements.txt (line 5))
  Downloading threadpoolctl-3.6.0-py3-none-any.whl.metadata (13 kB)
Collecting svgwrite (from svgpathtools<2,>=1.5.1->build123d==0.11.1->-r backend/requirements.txt (line 5))
  Downloading svgwrite-1.4.3-py3-none-any.whl.metadata (8.8 kB)
Collecting mypy_extensions>=1.0.0 (from mypy>=1.11->-r backend/requirements-dev.txt (line 7))
  Downloading mypy_extensions-1.1.0-py3-none-any.whl.metadata (1.1 kB)
Collecting pathspec>=1.0.0 (from mypy>=1.11->-r backend/requirements-dev.txt (line 7))
  Downloading pathspec-1.1.1-py3-none-any.whl.metadata (14 kB)
Collecting librt>=0.13.0 (from mypy>=1.11->-r backend/requirements-dev.txt (line 7))
  Downloading librt-0.13.0-cp311-cp311-manylinux2014_x86_64.manylinux_2_17_x86_64.manylinux_2_28_x86_64.whl.metadata (1.3 kB)
Collecting ast-serialize<1.0.0,>=0.6.0 (from mypy>=1.11->-r backend/requirements-dev.txt (line 7))
  Downloading ast_serialize-0.6.0-cp39-abi3-manylinux_2_17_x86_64.manylinux2014_x86_64.whl.metadata (1.3 kB)
Collecting parso<0.9.0,>=0.8.6 (from jedi>=0.18.2->ipython<10,>=8.0.0->build123d==0.11.1->-r backend/requirements.txt (line 5))
  Downloading parso-0.8.7-py2.py3-none-any.whl.metadata (8.2 kB)
Collecting ptyprocess>=0.5 (from pexpect>4.6->ipython<10,>=8.0.0->build123d==0.11.1->-r backend/requirements.txt (line 5))
  Downloading ptyprocess-0.7.0-py2.py3-none-any.whl.metadata (1.3 kB)
Collecting executing>=1.2.0 (from stack_data>=0.6.0->ipython<10,>=8.0.0->build123d==0.11.1->-r backend/requirements.txt (line 5))
  Downloading executing-2.2.1-py2.py3-none-any.whl.metadata (8.9 kB)
Collecting asttokens>=2.1.0 (from stack_data>=0.6.0->ipython<10,>=8.0.0->build123d==0.11.1->-r backend/requirements.txt (line 5))
  Downloading asttokens-3.0.2-py3-none-any.whl.metadata (5.7 kB)
Collecting pure-eval (from stack_data>=0.6.0->ipython<10,>=8.0.0->build123d==0.11.1->-r backend/requirements.txt (line 5))
  Downloading pure_eval-0.2.3-py3-none-any.whl.metadata (6.3 kB)
Collecting mpmath<1.4,>=1.1.0 (from sympy->build123d==0.11.1->-r backend/requirements.txt (line 5))
  Downloading mpmath-1.3.0-py3-none-any.whl.metadata (8.6 kB)
Downloading fastapi-0.115.6-py3-none-any.whl (94 kB)
Downloading pydantic-2.13.4-py3-none-any.whl (472 kB)
Downloading uvicorn-0.34.0-py3-none-any.whl (62 kB)
Downloading httpx-0.28.1-py3-none-any.whl (73 kB)
Downloading build123d-0.11.1-py3-none-any.whl (368 kB)
Downloading pyyaml-6.0.3-cp311-cp311-manylinux2014_x86_64.manylinux_2_17_x86_64.manylinux_2_28_x86_64.whl (806 kB)
   ━━━━━━━━━━━━━━━━━━━━━━━━━━━━━━━━━━━━━━━━ 806.6/806.6 kB 42.8 MB/s  0:00:00
Downloading pytest-8.3.4-py3-none-any.whl (343 kB)
Downloading hypothesis-6.156.6-cp311-cp311-manylinux_2_17_x86_64.manylinux2014_x86_64.whl (1.1 MB)
   ━━━━━━━━━━━━━━━━━━━━━━━━━━━━━━━━━━━━━━━━ 1.1/1.1 MB 59.5 MB/s  0:00:00
Downloading pydantic_core-2.46.4-cp311-cp311-manylinux_2_17_x86_64.manylinux2014_x86_64.whl (2.1 MB)
   ━━━━━━━━━━━━━━━━━━━━━━━━━━━━━━━━━━━━━━━━ 2.1/2.1 MB 30.7 MB/s  0:00:00
Downloading anytree-2.13.0-py3-none-any.whl (45 kB)
Downloading cadquery_ocp_novtk-7.9.3.1.1-cp311-cp311-manylinux_2_31_x86_64.whl (67.6 MB)
   ━━━━━━━━━━━━━━━━━━━━━━━━━━━━━━━━━━━━━━━━ 67.6/67.6 MB 105.0 MB/s  0:00:00
Downloading cadquery_ocp_proxy-7.9.3.1.1-py3-none-any.whl (3.3 kB)
Downloading ezdxf-1.4.4-cp311-cp311-manylinux_2_17_x86_64.manylinux2014_x86_64.whl (5.8 MB)
   ━━━━━━━━━━━━━━━━━━━━━━━━━━━━━━━━━━━━━━━━ 5.8/5.8 MB 39.2 MB/s  0:00:00
Downloading httpcore-1.0.9-py3-none-any.whl (78 kB)
Downloading ipython-9.15.0-py3-none-any.whl (630 kB)
   ━━━━━━━━━━━━━━━━━━━━━━━━━━━━━━━━━━━━━━━━ 630.9/630.9 kB 100.5 MB/s  0:00:00
Downloading numpy-2.4.6-cp311-cp311-manylinux_2_27_x86_64.manylinux_2_28_x86_64.whl (16.9 MB)
   ━━━━━━━━━━━━━━━━━━━━━━━━━━━━━━━━━━━━━━━━ 16.9/16.9 MB 150.4 MB/s  0:00:00
Downloading ocp_gordon-0.2.2-py3-none-any.whl (54 kB)
Downloading ocpsvg-0.6.0-py3-none-any.whl (20 kB)
Downloading pluggy-1.6.0-py3-none-any.whl (20 kB)
Downloading prompt_toolkit-3.0.52-py3-none-any.whl (391 kB)
Downloading requests-2.34.2-py3-none-any.whl (73 kB)
Downloading charset_normalizer-3.4.9-cp311-cp311-manylinux2014_x86_64.manylinux_2_17_x86_64.manylinux_2_28_x86_64.whl (221 kB)
Downloading idna-3.18-py3-none-any.whl (65 kB)
Downloading scikit_learn-1.9.0-cp311-cp311-manylinux_2_27_x86_64.manylinux_2_28_x86_64.whl (9.3 MB)
   ━━━━━━━━━━━━━━━━━━━━━━━━━━━━━━━━━━━━━━━━ 9.3/9.3 MB 117.9 MB/s  0:00:00
Downloading sortedcontainers-2.4.0-py2.py3-none-any.whl (29 kB)
Downloading starlette-0.41.3-py3-none-any.whl (73 kB)
Downloading anyio-4.14.2-py3-none-any.whl (125 kB)
Downloading svgelements-1.9.6-py2.py3-none-any.whl (137 kB)
Downloading svgpathtools-1.7.2-py2.py3-none-any.whl (68 kB)
Downloading typing_extensions-4.16.0-py3-none-any.whl (45 kB)
Downloading urllib3-2.7.0-py3-none-any.whl (131 kB)
Downloading webcolors-24.8.0-py3-none-any.whl (15 kB)
Downloading ruff-0.15.22-py3-none-manylinux_2_17_x86_64.manylinux2014_x86_64.whl (11.4 MB)
   ━━━━━━━━━━━━━━━━━━━━━━━━━━━━━━━━━━━━━━━━ 11.4/11.4 MB 71.7 MB/s  0:00:00
Downloading mypy-2.3.0-cp311-cp311-manylinux2014_x86_64.manylinux_2_17_x86_64.manylinux_2_28_x86_64.whl (15.1 MB)
   ━━━━━━━━━━━━━━━━━━━━━━━━━━━━━━━━━━━━━━━━ 15.1/15.1 MB 64.2 MB/s  0:00:00
Downloading ast_serialize-0.6.0-cp39-abi3-manylinux_2_17_x86_64.manylinux2014_x86_64.whl (1.3 MB)
   ━━━━━━━━━━━━━━━━━━━━━━━━━━━━━━━━━━━━━━━━ 1.3/1.3 MB 10.3 MB/s  0:00:00
Downloading annotated_types-0.7.0-py3-none-any.whl (13 kB)
Downloading certifi-2026.7.22-py3-none-any.whl (136 kB)
Downloading click-8.4.2-py3-none-any.whl (119 kB)
Downloading decorator-5.3.1-py3-none-any.whl (10 kB)
Downloading h11-0.16.0-py3-none-any.whl (37 kB)
Downloading httptools-0.8.0-cp311-cp311-manylinux1_x86_64.manylinux_2_28_x86_64.manylinux_2_5_x86_64.whl (464 kB)
Downloading ipython_pygments_lexers-1.1.1-py3-none-any.whl (8.1 kB)
Downloading jedi-0.20.0-py2.py3-none-any.whl (4.9 MB)
   ━━━━━━━━━━━━━━━━━━━━━━━━━━━━━━━━━━━━━━━━ 4.9/4.9 MB 149.4 MB/s  0:00:00
Downloading parso-0.8.7-py2.py3-none-any.whl (107 kB)
Downloading joblib-1.5.3-py3-none-any.whl (309 kB)
Downloading lib3mf-2.5.0-py3-none-manylinux2014_x86_64.whl (1.6 MB)
   ━━━━━━━━━━━━━━━━━━━━━━━━━━━━━━━━━━━━━━━━ 1.6/1.6 MB 19.9 MB/s  0:00:00
Downloading librt-0.13.0-cp311-cp311-manylinux2014_x86_64.manylinux_2_17_x86_64.manylinux_2_28_x86_64.whl (515 kB)
Downloading matplotlib_inline-0.2.2-py3-none-any.whl (9.5 kB)
Downloading mypy_extensions-1.1.0-py3-none-any.whl (5.0 kB)
Downloading narwhals-2.24.0-py3-none-any.whl (461 kB)
Downloading pathspec-1.1.1-py3-none-any.whl (57 kB)
Downloading pexpect-4.9.0-py2.py3-none-any.whl (63 kB)
Downloading psutil-7.2.2-cp36-abi3-manylinux2010_x86_64.manylinux_2_12_x86_64.manylinux_2_28_x86_64.whl (155 kB)
Downloading ptyprocess-0.7.0-py2.py3-none-any.whl (13 kB)
Downloading pygments-2.20.0-py3-none-any.whl (1.2 MB)
   ━━━━━━━━━━━━━━━━━━━━━━━━━━━━━━━━━━━━━━━━ 1.2/1.2 MB 41.0 MB/s  0:00:00
Downloading pyparsing-3.3.2-py3-none-any.whl (122 kB)
Downloading python_dotenv-1.2.2-py3-none-any.whl (22 kB)
Downloading scipy-1.17.1-cp311-cp311-manylinux_2_27_x86_64.manylinux_2_28_x86_64.whl (35.3 MB)
   ━━━━━━━━━━━━━━━━━━━━━━━━━━━━━━━━━━━━━━━━ 35.3/35.3 MB 116.5 MB/s  0:00:00
Downloading stack_data-0.6.3-py3-none-any.whl (24 kB)
Downloading asttokens-3.0.2-py3-none-any.whl (28 kB)
Downloading executing-2.2.1-py2.py3-none-any.whl (28 kB)
Downloading threadpoolctl-3.6.0-py3-none-any.whl (18 kB)
Downloading traitlets-5.15.1-py3-none-any.whl (85 kB)
Downloading typing_inspection-0.4.2-py3-none-any.whl (14 kB)
Downloading uvloop-0.22.1-cp311-cp311-manylinux2014_x86_64.manylinux_2_17_x86_64.manylinux_2_28_x86_64.whl (3.8 MB)
   ━━━━━━━━━━━━━━━━━━━━━━━━━━━━━━━━━━━━━━━━ 3.8/3.8 MB 131.0 MB/s  0:00:00
Downloading watchfiles-1.2.0-cp311-cp311-manylinux_2_17_x86_64.manylinux2014_x86_64.whl (456 kB)
Downloading websockets-16.1.1-cp311-cp311-manylinux1_x86_64.manylinux_2_28_x86_64.manylinux_2_5_x86_64.whl (186 kB)
Downloading fonttools-4.63.0-cp311-cp311-manylinux2014_x86_64.manylinux_2_17_x86_64.whl (5.1 MB)
   ━━━━━━━━━━━━━━━━━━━━━━━━━━━━━━━━━━━━━━━━ 5.1/5.1 MB 139.4 MB/s  0:00:00
Downloading iniconfig-2.3.0-py3-none-any.whl (7.5 kB)
Downloading packaging-26.2-py3-none-any.whl (100 kB)
Downloading pure_eval-0.2.3-py3-none-any.whl (11 kB)
Downloading svgwrite-1.4.3-py3-none-any.whl (67 kB)
Downloading sympy-1.14.0-py3-none-any.whl (6.3 MB)
   ━━━━━━━━━━━━━━━━━━━━━━━━━━━━━━━━━━━━━━━━ 6.3/6.3 MB 144.3 MB/s  0:00:00
Downloading mpmath-1.3.0-py3-none-any.whl (536 kB)
   ━━━━━━━━━━━━━━━━━━━━━━━━━━━━━━━━━━━━━━━━ 536.2/536.2 kB 86.0 MB/s  0:00:00
Downloading trianglesolver-1.2-py3-none-any.whl (5.4 kB)
Downloading wcwidth-0.8.2-py3-none-any.whl (323 kB)
Installing collected packages: trianglesolver, svgelements, sortedcontainers, pure-eval, ptyprocess, mpmath, lib3mf, websockets, webcolors, wcwidth, uvloop, urllib3, typing-extensions, traitlets, threadpoolctl, sympy, svgwrite, ruff, PyYAML, python-dotenv, pyparsing, pygments, psutil, pluggy, pexpect, pathspec, parso, packaging, numpy, narwhals, mypy_extensions, librt, joblib, iniconfig, idna, hypothesis, httptools, h11, fonttools, executing, decorator, click, charset_normalizer, certifi, cadquery-ocp-proxy, asttokens, ast-serialize, anytree, annotated-types, uvicorn, typing-inspection, stack_data, scipy, requests, pytest, pydantic-core, prompt_toolkit, ocpsvg, mypy, matplotlib-inline, jedi, ipython-pygments-lexers, httpcore, ezdxf, cadquery-ocp-novtk, anyio, watchfiles, svgpathtools, starlette, scikit-learn, pydantic, ocp_gordon, ipython, httpx, fastapi, build123d

Successfully installed PyYAML-6.0.3 annotated-types-0.7.0 anyio-4.14.2 anytree-2.13.0 ast-serialize-0.6.0 asttokens-3.0.2 build123d-0.11.1 cadquery-ocp-novtk-7.9.3.1.1 cadquery-ocp-proxy-7.9.3.1.1 certifi-2026.7.22 charset_normalizer-3.4.9 click-8.4.2 decorator-5.3.1 executing-2.2.1 ezdxf-1.4.4 fastapi-0.115.6 fonttools-4.63.0 h11-0.16.0 httpcore-1.0.9 httptools-0.8.0 httpx-0.28.1 hypothesis-6.156.6 idna-3.18 iniconfig-2.3.0 ipython-9.15.0 ipython-pygments-lexers-1.1.1 jedi-0.20.0 joblib-1.5.3 lib3mf-2.5.0 librt-0.13.0 matplotlib-inline-0.2.2 mpmath-1.3.0 mypy-2.3.0 mypy_extensions-1.1.0 narwhals-2.24.0 numpy-2.4.6 ocp_gordon-0.2.2 ocpsvg-0.6.0 packaging-26.2 parso-0.8.7 pathspec-1.1.1 pexpect-4.9.0 pluggy-1.6.0 prompt_toolkit-3.0.52 psutil-7.2.2 ptyprocess-0.7.0 pure-eval-0.2.3 pydantic-2.13.4 pydantic-core-2.46.4 pygments-2.20.0 pyparsing-3.3.2 pytest-8.3.4 python-dotenv-1.2.2 requests-2.34.2 ruff-0.15.22 scikit-learn-1.9.0 scipy-1.17.1 sortedcontainers-2.4.0 stack_data-0.6.3 starlette-0.41.3 svgelements-1.9.6 svgpathtools-1.7.2 svgwrite-1.4.3 sympy-1.14.0 threadpoolctl-3.6.0 traitlets-5.15.1 trianglesolver-1.2 typing-extensions-4.16.0 typing-inspection-0.4.2 urllib3-2.7.0 uvicorn-0.34.0 uvloop-0.22.1 watchfiles-1.2.0 wcwidth-0.8.2 webcolors-24.8.0 websockets-16.1.1
All checks passed!
.............F
=================================== FAILURES ===================================
_____________ test_one_path_degenerate_case_matches_047_equations ______________

tmp_path = PosixPath('/tmp/pytest-of-runner/pytest-0/test_one_path_degenerate_case_0')

    def test_one_path_degenerate_case_matches_047_equations(tmp_path):
        payload = reduction_input()
        completed = run_model(tmp_path, payload)
        assert completed.returncode == 0, completed.stderr
        result = json.loads((tmp_path / "result.json").read_text(encoding="utf-8"))
        outputs = result["outputs"]
    
        diameter = 0.05
        outer = 0.06
        length = 12.0
        velocity = 0.5
        density = 1000.0
        viscosity = 0.001
        area = math.pi * diameter**2 / 4.0
        tube_volume = area * length
        external_area = math.pi * outer * length
        flow = velocity * area
        total_inventory = tube_volume + 0.1
        reynolds = density * velocity * diameter / viscosity
        friction = 0.3164 * reynolds**-0.25
        dynamic_pressure = density * velocity**2 / 2.0
        major = friction * (length / diameter) * dynamic_pressure
        minor = 0.1 * dynamic_pressure
        total_loss = major + minor
        hydraulic_power = total_loss * flow
    
        assert outputs["branch_liquid_volume_total"]["value"] == pytest.approx(tube_volume)
        assert outputs["total_liquid_inventory"]["value"] == pytest.approx(total_inventory)
        assert outputs["illuminated_branch_external_area"]["value"] == pytest.approx(external_area)
        assert outputs["total_circulation_flow_rate"]["value"] == pytest.approx(flow)
        assert outputs["branch_nominal_transit_time"]["value"] == pytest.approx(length / velocity)
        assert outputs["total_inventory_turnover_time"]["value"] == pytest.approx(total_inventory / flow)
        assert outputs["branch_reynolds_number"]["value"] == pytest.approx(reynolds)
        assert outputs["branch_darcy_friction_factor"]["value"] == pytest.approx(friction)
        assert outputs["branch_major_pressure_loss"]["value"] == pytest.approx(major)
>       assert outputs["branch_misc_pressure_loss"]["value"] == pytest.approx(minor)
E       assert 3.75 == 12.5 ± 1.2e-05
E         
E         comparison failed
E         Obtained: 3.75
E         Expected: 12.5 ± 1.2e-05

tests/test_bluerev_process_topology_m1.py:274: AssertionError
=========================== short test summary info ============================
FAILED tests/test_bluerev_process_topology_m1.py::test_one_path_degenerate_case_matches_047_equations - assert 3.75 == 12.5 ± 1.2e-05
  
  comparison failed
  Obtained: 3.75
  Expected: 12.5 ± 1.2e-05
!!!!!!!!!!!!!!!!!!!!!!!!!! stopping after 1 failures !!!!!!!!!!!!!!!!!!!!!!!!!!!
1 failed, 13 passed in 2.09s

exit_code=1
